<?xml version="1.0" encoding="UTF-8"?>
<!-- Generated by org.testng.reporters.JUnitXMLReporter -->
<testsuite ignored="0" hostname="LAPTOP-0VNVDE1H" failures="0" tests="5" name="Test" time="65.275" errors="0" timestamp="2023-12-19T21:22:52 IST">
  <testcase classname="testCase.TC_003_LoginDDT" name="test_login_DDT" time="11.654"/>
  <testcase classname="testCase.TC_003_LoginDDT" name="test_login_DDT" time="10.824"/>
  <testcase classname="testCase.TC_003_LoginDDT" name="test_login_DDT" time="10.348"/>
  <testcase classname="testCase.TC_003_LoginDDT" name="test_login_DDT" time="10.666"/>
  <testcase classname="testCase.TC_003_LoginDDT" name="test_login_DDT" time="10.689"/>
</testsuite> <!-- Test -->
