<?xml version="1.0" encoding="UTF-8"?>
<!-- Generated by org.testng.reporters.JUnitXMLReporter -->
<testsuite ignored="0" hostname="LAPTOP-0VNVDE1H" failures="0" tests="6" name="Test" time="36.878" errors="0" timestamp="2024-02-21T01:36:47 IST">
  <testcase classname="testCase.TC_002_003_Login_LogoutTest" name="test_login" time="1.528"/>
  <testcase classname="testCase.TC_002_003_Login_LogoutTest" name="LogoutTest" time="0.359"/>
  <testcase classname="testCase.TC_004_SearchProductsWithoutConsumer" name="testSearchWithoutConsumer" time="0.615"/>
  <testcase classname="testCase.TC_005_SearchProductsWithConsumer" name="test_product_search_with_consumer" time="2.825"/>
  <testcase classname="testCase.TC_006_Wishlist" name="Wishlist" time="2.958"/>
  <testcase classname="testCase.TC_007_EditProfile" name="test_Edit_Profile" time="2.814"/>
</testsuite> <!-- Test -->
