<?xml version="1.0" encoding="UTF-8"?>
<testng-results ignored="0" total="2" passed="2" failed="0" skipped="0">
  <reporter-output>
  </reporter-output>
  <suite started-at="2023-12-27T20:32:09 IST" name="Suite" finished-at="2023-12-27T20:32:25 IST" duration-ms="15659">
    <groups>
      <group name="Master">
        <method signature="TC_001_AccountRegistrationTest.Test_Account_Registration()[pri:0, instance:testCase.TC_001_AccountRegistrationTest@38cee291]" name="Test_Account_Registration" class="testCase.TC_001_AccountRegistrationTest"/>
        <method signature="TC_002_LoginTest.test_login()[pri:0, instance:testCase.TC_002_LoginTest@1ffaf86]" name="test_login" class="testCase.TC_002_LoginTest"/>
      </group> <!-- Master -->
      <group name="Sanity">
        <method signature="TC_002_LoginTest.test_login()[pri:0, instance:testCase.TC_002_LoginTest@1ffaf86]" name="test_login" class="testCase.TC_002_LoginTest"/>
      </group> <!-- Sanity -->
      <group name="Regression">
        <method signature="TC_001_AccountRegistrationTest.Test_Account_Registration()[pri:0, instance:testCase.TC_001_AccountRegistrationTest@38cee291]" name="Test_Account_Registration" class="testCase.TC_001_AccountRegistrationTest"/>
      </group> <!-- Regression -->
    </groups>
    <test started-at="2023-12-27T20:32:09 IST" name="Test" finished-at="2023-12-27T20:32:25 IST" duration-ms="15659">
      <class name="testCase.TC_001_AccountRegistrationTest">
        <test-method is-config="true" signature="setup(java.lang.String)[pri:0, instance:testCase.TC_001_AccountRegistrationTest@38cee291]" started-at="2023-12-27T20:32:09 IST" name="setup" finished-at="2023-12-27T20:32:15 IST" duration-ms="5467" status="PASS">
          <params>
            <param index="0">
              <value>
                <![CDATA[chrome]]>
              </value>
            </param>
          </params>
          <reporter-output>
          </reporter-output>
        </test-method> <!-- setup -->
        <test-method signature="Test_Account_Registration()[pri:0, instance:testCase.TC_001_AccountRegistrationTest@38cee291]" started-at="2023-12-27T20:32:15 IST" name="Test_Account_Registration" finished-at="2023-12-27T20:32:20 IST" duration-ms="4775" status="PASS">
          <reporter-output>
          </reporter-output>
        </test-method> <!-- Test_Account_Registration -->
        <test-method is-config="true" signature="tearDown()[pri:0, instance:testCase.TC_001_AccountRegistrationTest@38cee291]" started-at="2023-12-27T20:32:20 IST" name="tearDown" finished-at="2023-12-27T20:32:20 IST" duration-ms="141" status="PASS">
          <reporter-output>
          </reporter-output>
        </test-method> <!-- tearDown -->
      </class> <!-- testCase.TC_001_AccountRegistrationTest -->
      <class name="testCase.TC_002_LoginTest">
        <test-method is-config="true" signature="setup(java.lang.String)[pri:0, instance:testCase.TC_002_LoginTest@1ffaf86]" started-at="2023-12-27T20:32:20 IST" name="setup" finished-at="2023-12-27T20:32:23 IST" duration-ms="3804" status="PASS">
          <params>
            <param index="0">
              <value>
                <![CDATA[chrome]]>
              </value>
            </param>
          </params>
          <reporter-output>
          </reporter-output>
        </test-method> <!-- setup -->
        <test-method signature="test_login()[pri:0, instance:testCase.TC_002_LoginTest@1ffaf86]" started-at="2023-12-27T20:32:23 IST" name="test_login" finished-at="2023-12-27T20:32:25 IST" duration-ms="1117" status="PASS">
          <reporter-output>
          </reporter-output>
        </test-method> <!-- test_login -->
        <test-method is-config="true" signature="tearDown()[pri:0, instance:testCase.TC_002_LoginTest@1ffaf86]" started-at="2023-12-27T20:32:25 IST" name="tearDown" finished-at="2023-12-27T20:32:25 IST" duration-ms="126" status="PASS">
          <reporter-output>
          </reporter-output>
        </test-method> <!-- tearDown -->
      </class> <!-- testCase.TC_002_LoginTest -->
    </test> <!-- Test -->
  </suite> <!-- Suite -->
</testng-results>
