<?xml version="1.0" encoding="UTF-8"?>
<testng-results ignored="0" total="2" passed="2" failed="0" skipped="0">
  <reporter-output>
  </reporter-output>
  <suite started-at="2023-12-11T22:44:55 IST" name="Suite" finished-at="2023-12-11T22:45:22 IST" duration-ms="26672">
    <groups>
      <group name="Master">
        <method signature="TC_001_AccountRegistrationTest.Test_Account_Registration()[pri:0, instance:testCase.TC_001_AccountRegistrationTest@4f18837a]" name="Test_Account_Registration" class="testCase.TC_001_AccountRegistrationTest"/>
        <method signature="TC_002_LoginTest.test_login()[pri:0, instance:testCase.TC_002_LoginTest@4fb0f2b9]" name="test_login" class="testCase.TC_002_LoginTest"/>
      </group> <!-- Master -->
      <group name="Sanity">
        <method signature="TC_002_LoginTest.test_login()[pri:0, instance:testCase.TC_002_LoginTest@4fb0f2b9]" name="test_login" class="testCase.TC_002_LoginTest"/>
      </group> <!-- Sanity -->
      <group name="Regression">
        <method signature="TC_001_AccountRegistrationTest.Test_Account_Registration()[pri:0, instance:testCase.TC_001_AccountRegistrationTest@4f18837a]" name="Test_Account_Registration" class="testCase.TC_001_AccountRegistrationTest"/>
      </group> <!-- Regression -->
    </groups>
    <test started-at="2023-12-11T22:44:55 IST" name="Test" finished-at="2023-12-11T22:45:22 IST" duration-ms="26672">
      <class name="testCase.TC_001_AccountRegistrationTest">
        <test-method is-config="true" signature="setup(java.lang.String)[pri:0, instance:testCase.TC_001_AccountRegistrationTest@4f18837a]" started-at="2023-12-11T22:44:56 IST" name="setup" finished-at="2023-12-11T22:45:08 IST" duration-ms="12224" status="PASS">
          <params>
            <param index="0">
              <value>
                <![CDATA[chrome]]>
              </value>
            </param>
          </params>
          <reporter-output>
          </reporter-output>
        </test-method> <!-- setup -->
        <test-method signature="Test_Account_Registration()[pri:0, instance:testCase.TC_001_AccountRegistrationTest@4f18837a]" started-at="2023-12-11T22:45:08 IST" name="Test_Account_Registration" finished-at="2023-12-11T22:45:13 IST" duration-ms="5126" status="PASS">
          <reporter-output>
          </reporter-output>
        </test-method> <!-- Test_Account_Registration -->
      </class> <!-- testCase.TC_001_AccountRegistrationTest -->
      <class name="testCase.TC_002_LoginTest">
        <test-method is-config="true" signature="setup(java.lang.String)[pri:0, instance:testCase.TC_002_LoginTest@4fb0f2b9]" started-at="2023-12-11T22:45:13 IST" name="setup" finished-at="2023-12-11T22:45:20 IST" duration-ms="7061" status="PASS">
          <params>
            <param index="0">
              <value>
                <![CDATA[chrome]]>
              </value>
            </param>
          </params>
          <reporter-output>
          </reporter-output>
        </test-method> <!-- setup -->
        <test-method signature="test_login()[pri:0, instance:testCase.TC_002_LoginTest@4fb0f2b9]" started-at="2023-12-11T22:45:20 IST" name="test_login" finished-at="2023-12-11T22:45:22 IST" duration-ms="2014" status="PASS">
          <reporter-output>
          </reporter-output>
        </test-method> <!-- test_login -->
      </class> <!-- testCase.TC_002_LoginTest -->
    </test> <!-- Test -->
  </suite> <!-- Suite -->
</testng-results>
