<?xml version="1.0" encoding="UTF-8"?>
<testng-results ignored="0" total="6" passed="6" failed="0" skipped="0">
  <reporter-output>
  </reporter-output>
  <suite started-at="2024-02-21T01:36:10 IST" name="Suite" finished-at="2024-02-21T01:36:47 IST" duration-ms="36878">
    <groups>
      <group name="Master">
        <method signature="TC_006_Wishlist.Wishlist()[pri:0, instance:testCase.TC_006_Wishlist@eadd4fb]" name="Wishlist" class="testCase.TC_006_Wishlist"/>
        <method signature="TC_007_EditProfile.test_Edit_Profile()[pri:0, instance:testCase.TC_007_EditProfile@740fb309]" name="test_Edit_Profile" class="testCase.TC_007_EditProfile"/>
        <method signature="TC_002_003_Login_LogoutTest.test_login()[pri:1, instance:testCase.TC_002_003_Login_LogoutTest@1a245833]" name="test_login" class="testCase.TC_002_003_Login_LogoutTest"/>
        <method signature="TC_005_SearchProductsWithConsumer.test_product_search_with_consumer()[pri:1, instance:testCase.TC_005_SearchProductsWithConsumer@4e5ed836]" name="test_product_search_with_consumer" class="testCase.TC_005_SearchProductsWithConsumer"/>
        <method signature="TC_002_003_Login_LogoutTest.LogoutTest()[pri:2, instance:testCase.TC_002_003_Login_LogoutTest@1a245833]" name="LogoutTest" class="testCase.TC_002_003_Login_LogoutTest"/>
      </group> <!-- Master -->
      <group name="Sanity">
        <method signature="TC_007_EditProfile.test_Edit_Profile()[pri:0, instance:testCase.TC_007_EditProfile@740fb309]" name="test_Edit_Profile" class="testCase.TC_007_EditProfile"/>
        <method signature="TC_002_003_Login_LogoutTest.test_login()[pri:1, instance:testCase.TC_002_003_Login_LogoutTest@1a245833]" name="test_login" class="testCase.TC_002_003_Login_LogoutTest"/>
        <method signature="TC_005_SearchProductsWithConsumer.test_product_search_with_consumer()[pri:1, instance:testCase.TC_005_SearchProductsWithConsumer@4e5ed836]" name="test_product_search_with_consumer" class="testCase.TC_005_SearchProductsWithConsumer"/>
        <method signature="TC_002_003_Login_LogoutTest.LogoutTest()[pri:2, instance:testCase.TC_002_003_Login_LogoutTest@1a245833]" name="LogoutTest" class="testCase.TC_002_003_Login_LogoutTest"/>
      </group> <!-- Sanity -->
      <group name="Regression">
        <method signature="TC_006_Wishlist.Wishlist()[pri:0, instance:testCase.TC_006_Wishlist@eadd4fb]" name="Wishlist" class="testCase.TC_006_Wishlist"/>
        <method signature="TC_002_003_Login_LogoutTest.LogoutTest()[pri:2, instance:testCase.TC_002_003_Login_LogoutTest@1a245833]" name="LogoutTest" class="testCase.TC_002_003_Login_LogoutTest"/>
      </group> <!-- Regression -->
    </groups>
    <test started-at="2024-02-21T01:36:10 IST" name="Test" finished-at="2024-02-21T01:36:47 IST" duration-ms="36878">
      <class name="testCase.TC_005_SearchProductsWithConsumer">
        <test-method is-config="true" signature="setup(java.lang.String)[pri:0, instance:testCase.TC_005_SearchProductsWithConsumer@4e5ed836]" started-at="2024-02-21T01:36:24 IST" name="setup" finished-at="2024-02-21T01:36:28 IST" duration-ms="3685" status="PASS">
          <params>
            <param index="0">
              <value>
                <![CDATA[chrome]]>
              </value>
            </param>
          </params>
          <reporter-output>
          </reporter-output>
        </test-method> <!-- setup -->
        <test-method signature="test_product_search_with_consumer()[pri:1, instance:testCase.TC_005_SearchProductsWithConsumer@4e5ed836]" started-at="2024-02-21T01:36:28 IST" name="test_product_search_with_consumer" finished-at="2024-02-21T01:36:31 IST" duration-ms="2825" status="PASS">
          <reporter-output>
          </reporter-output>
        </test-method> <!-- test_product_search_with_consumer -->
        <test-method is-config="true" signature="tearDown()[pri:0, instance:testCase.TC_005_SearchProductsWithConsumer@4e5ed836]" started-at="2024-02-21T01:36:31 IST" name="tearDown" finished-at="2024-02-21T01:36:31 IST" duration-ms="284" status="PASS">
          <reporter-output>
          </reporter-output>
        </test-method> <!-- tearDown -->
      </class> <!-- testCase.TC_005_SearchProductsWithConsumer -->
      <class name="testCase.TC_006_Wishlist">
        <test-method is-config="true" signature="setup(java.lang.String)[pri:0, instance:testCase.TC_006_Wishlist@eadd4fb]" started-at="2024-02-21T01:36:31 IST" name="setup" finished-at="2024-02-21T01:36:36 IST" duration-ms="5212" status="PASS">
          <params>
            <param index="0">
              <value>
                <![CDATA[chrome]]>
              </value>
            </param>
          </params>
          <reporter-output>
          </reporter-output>
        </test-method> <!-- setup -->
        <test-method signature="Wishlist()[pri:0, instance:testCase.TC_006_Wishlist@eadd4fb]" started-at="2024-02-21T01:36:36 IST" name="Wishlist" finished-at="2024-02-21T01:36:39 IST" duration-ms="2958" status="PASS">
          <reporter-output>
          </reporter-output>
        </test-method> <!-- Wishlist -->
        <test-method is-config="true" signature="tearDown()[pri:0, instance:testCase.TC_006_Wishlist@eadd4fb]" started-at="2024-02-21T01:36:39 IST" name="tearDown" finished-at="2024-02-21T01:36:40 IST" duration-ms="423" status="PASS">
          <reporter-output>
          </reporter-output>
        </test-method> <!-- tearDown -->
      </class> <!-- testCase.TC_006_Wishlist -->
      <class name="testCase.TC_007_EditProfile">
        <test-method is-config="true" signature="setup(java.lang.String)[pri:0, instance:testCase.TC_007_EditProfile@740fb309]" started-at="2024-02-21T01:36:40 IST" name="setup" finished-at="2024-02-21T01:36:43 IST" duration-ms="3921" status="PASS">
          <params>
            <param index="0">
              <value>
                <![CDATA[chrome]]>
              </value>
            </param>
          </params>
          <reporter-output>
          </reporter-output>
        </test-method> <!-- setup -->
        <test-method signature="test_Edit_Profile()[pri:0, instance:testCase.TC_007_EditProfile@740fb309]" started-at="2024-02-21T01:36:43 IST" name="test_Edit_Profile" finished-at="2024-02-21T01:36:46 IST" duration-ms="2814" status="PASS">
          <reporter-output>
          </reporter-output>
        </test-method> <!-- test_Edit_Profile -->
        <test-method is-config="true" signature="tearDown()[pri:0, instance:testCase.TC_007_EditProfile@740fb309]" started-at="2024-02-21T01:36:46 IST" name="tearDown" finished-at="2024-02-21T01:36:47 IST" duration-ms="246" status="PASS">
          <reporter-output>
          </reporter-output>
        </test-method> <!-- tearDown -->
      </class> <!-- testCase.TC_007_EditProfile -->
      <class name="testCase.TC_002_003_Login_LogoutTest">
        <test-method is-config="true" signature="setup(java.lang.String)[pri:0, instance:testCase.TC_002_003_Login_LogoutTest@1a245833]" started-at="2024-02-21T01:36:10 IST" name="setup" finished-at="2024-02-21T01:36:18 IST" duration-ms="7601" status="PASS">
          <params>
            <param index="0">
              <value>
                <![CDATA[chrome]]>
              </value>
            </param>
          </params>
          <reporter-output>
          </reporter-output>
        </test-method> <!-- setup -->
        <test-method signature="test_login()[pri:1, instance:testCase.TC_002_003_Login_LogoutTest@1a245833]" started-at="2024-02-21T01:36:18 IST" name="test_login" finished-at="2024-02-21T01:36:19 IST" duration-ms="1528" status="PASS">
          <reporter-output>
          </reporter-output>
        </test-method> <!-- test_login -->
        <test-method signature="LogoutTest()[pri:2, instance:testCase.TC_002_003_Login_LogoutTest@1a245833]" started-at="2024-02-21T01:36:19 IST" name="LogoutTest" finished-at="2024-02-21T01:36:19 IST" duration-ms="359" status="PASS">
          <reporter-output>
          </reporter-output>
        </test-method> <!-- LogoutTest -->
        <test-method is-config="true" signature="tearDown()[pri:0, instance:testCase.TC_002_003_Login_LogoutTest@1a245833]" started-at="2024-02-21T01:36:19 IST" name="tearDown" finished-at="2024-02-21T01:36:20 IST" duration-ms="223" status="PASS">
          <reporter-output>
          </reporter-output>
        </test-method> <!-- tearDown -->
      </class> <!-- testCase.TC_002_003_Login_LogoutTest -->
      <class name="testCase.TC_004_SearchProductsWithoutConsumer">
        <test-method is-config="true" signature="setup(java.lang.String)[pri:0, instance:testCase.TC_004_SearchProductsWithoutConsumer@2ab4bc72]" started-at="2024-02-21T01:36:20 IST" name="setup" finished-at="2024-02-21T01:36:23 IST" duration-ms="3613" status="PASS">
          <params>
            <param index="0">
              <value>
                <![CDATA[chrome]]>
              </value>
            </param>
          </params>
          <reporter-output>
          </reporter-output>
        </test-method> <!-- setup -->
        <test-method signature="testSearchWithoutConsumer()[pri:0, instance:testCase.TC_004_SearchProductsWithoutConsumer@2ab4bc72]" started-at="2024-02-21T01:36:23 IST" name="testSearchWithoutConsumer" finished-at="2024-02-21T01:36:24 IST" duration-ms="615" status="PASS">
          <reporter-output>
          </reporter-output>
        </test-method> <!-- testSearchWithoutConsumer -->
        <test-method is-config="true" signature="tearDown()[pri:0, instance:testCase.TC_004_SearchProductsWithoutConsumer@2ab4bc72]" started-at="2024-02-21T01:36:24 IST" name="tearDown" finished-at="2024-02-21T01:36:24 IST" duration-ms="215" status="PASS">
          <reporter-output>
          </reporter-output>
        </test-method> <!-- tearDown -->
      </class> <!-- testCase.TC_004_SearchProductsWithoutConsumer -->
    </test> <!-- Test -->
  </suite> <!-- Suite -->
</testng-results>
